<?xml version="1.0" encoding="UTF-8"?>
<testng-results ignored="0" total="2" passed="2" failed="0" skipped="0">
  <reporter-output>
  </reporter-output>
  <suite started-at="2024-04-14T22:36:29 IST" name="Suite" finished-at="2024-04-14T22:36:29 IST" duration-ms="71">
    <groups>
    </groups>
    <test started-at="2024-04-14T22:36:29 IST" name="Test" finished-at="2024-04-14T22:36:29 IST" duration-ms="71">
      <class name="mavenGroup.mavenSkeletonProject.secondMavenclassTest">
        <test-method signature="closing()[pri:0, instance:mavenGroup.mavenSkeletonProject.secondMavenclassTest@e15b7e8]" started-at="2024-04-14T22:36:29 IST" name="closing" finished-at="2024-04-14T22:36:29 IST" duration-ms="7" status="PASS">
          <reporter-output>
          </reporter-output>
        </test-method> <!-- closing -->
        <test-method signature="login()[pri:0, instance:mavenGroup.mavenSkeletonProject.secondMavenclassTest@e15b7e8]" started-at="2024-04-14T22:36:29 IST" name="login" finished-at="2024-04-14T22:36:29 IST" duration-ms="0" status="PASS">
          <reporter-output>
          </reporter-output>
        </test-method> <!-- login -->
      </class> <!-- mavenGroup.mavenSkeletonProject.secondMavenclassTest -->
    </test> <!-- Test -->
  </suite> <!-- Suite -->
</testng-results>
